[0627/174701:ERROR:process_info.cc(608)] range at 0xfffde000, size 0x230 fully unreadable
[0627/174701:ERROR:process_info.cc(608)] range at 0xfffdd000, size 0xf84 fully unreadable
[0627/174701:ERROR:process_info.cc(608)] range at 0xfffda000, size 0xf84 fully unreadable
[0627/174701:ERROR:process_info.cc(608)] range at 0xfffd7000, size 0xf84 fully unreadable
[0627/174701:ERROR:process_info.cc(608)] range at 0xfffac000, size 0xf84 fully unreadable
[0627/174701:ERROR:process_info.cc(608)] range at 0xfffa6000, size 0xf84 fully unreadable
[0627/174701:ERROR:process_info.cc(608)] range at 0xfffa3000, size 0xf84 fully unreadable
[0627/174701:ERROR:process_info.cc(608)] range at 0xfffa0000, size 0xf84 fully unreadable
[0627/174701:ERROR:process_info.cc(608)] range at 0xfff9d000, size 0xf84 fully unreadable
[0627/174701:ERROR:process_info.cc(608)] range at 0xfff9a000, size 0xf84 fully unreadable
[0627/174701:ERROR:process_info.cc(608)] range at 0xfff97000, size 0xf84 fully unreadable
[0627/174701:ERROR:process_info.cc(608)] range at 0xfff94000, size 0xf84 fully unreadable
[0627/174701:ERROR:process_info.cc(608)] range at 0xfff91000, size 0xf84 fully unreadable
[0627/174701:ERROR:process_info.cc(608)] range at 0xfff8e000, size 0xf84 fully unreadable
[0627/174701:ERROR:process_info.cc(608)] range at 0xfff8b000, size 0xf84 fully unreadable
[0627/174701:ERROR:process_info.cc(608)] range at 0xfff88000, size 0xf84 fully unreadable
[0627/174701:ERROR:process_info.cc(608)] range at 0xfff85000, size 0xf84 fully unreadable
[0627/174701:ERROR:process_info.cc(608)] range at 0xfff82000, size 0xf84 fully unreadable
[0627/174701:ERROR:process_info.cc(608)] range at 0xfff7f000, size 0xf84 fully unreadable
[0627/174701:ERROR:process_info.cc(608)] range at 0xfff7c000, size 0xf84 fully unreadable
[0627/174701:ERROR:process_info.cc(608)] range at 0xfff79000, size 0xf84 fully unreadable
[0627/174701:ERROR:process_info.cc(608)] range at 0xfff76000, size 0xf84 fully unreadable
[0627/174701:ERROR:process_info.cc(608)] range at 0xfff73000, size 0xf84 fully unreadable
[0627/174701:ERROR:process_info.cc(608)] range at 0xfff6d000, size 0xf84 fully unreadable
[0627/174701:ERROR:process_info.cc(608)] range at 0xfff5e000, size 0xf84 fully unreadable
[0627/174701:ERROR:process_info.cc(608)] range at 0xfff5b000, size 0xf84 fully unreadable
[0627/174701:ERROR:process_info.cc(608)] range at 0xfff55000, size 0xf84 fully unreadable
[0627/174701:ERROR:process_info.cc(608)] range at 0xfff61000, size 0xf84 fully unreadable
[0627/174701:ERROR:process_info.cc(608)] range at 0xfff58000, size 0xf84 fully unreadable
[0627/174701:ERROR:process_info.cc(608)] range at 0xfff52000, size 0xf84 fully unreadable
[0627/174701:ERROR:process_info.cc(608)] range at 0xfff4f000, size 0xf84 fully unreadable
[0627/174701:ERROR:process_info.cc(608)] range at 0xfff3a000, size 0xf84 fully unreadable
[0627/174701:ERROR:process_info.cc(608)] range at 0xfffaf000, size 0xf84 fully unreadable
[0627/174701:ERROR:process_info.cc(608)] range at 0xfff46000, size 0xf84 fully unreadable
[0627/174701:ERROR:process_info.cc(608)] range at 0xfff4c000, size 0xf84 fully unreadable
[0627/174701:ERROR:process_info.cc(608)] range at 0xfff6a000, size 0xf84 fully unreadable
[0627/174701:ERROR:process_info.cc(608)] range at 0xfff67000, size 0xf84 fully unreadable
[0627/174701:ERROR:process_info.cc(608)] range at 0xfff25000, size 0xf84 fully unreadable
[0627/174701:ERROR:process_info.cc(608)] range at 0xfff43000, size 0xf84 fully unreadable
[0627/174701:ERROR:process_info.cc(608)] range at 0xfff49000, size 0xf84 fully unreadable
[0627/174701:ERROR:process_info.cc(608)] range at 0xfffa9000, size 0xf84 fully unreadable
[0704/090519:ERROR:process_info.cc(608)] range at 0xfffde000, size 0x230 fully unreadable
[0704/090519:ERROR:process_info.cc(608)] range at 0xfffdd000, size 0xf84 fully unreadable
[0704/090519:ERROR:process_info.cc(608)] range at 0xfffda000, size 0xf84 fully unreadable
[0704/090519:ERROR:process_info.cc(608)] range at 0xfffd7000, size 0xf84 fully unreadable
[0704/090519:ERROR:process_info.cc(608)] range at 0xfffaf000, size 0xf84 fully unreadable
[0704/090519:ERROR:process_info.cc(608)] range at 0xfffac000, size 0xf84 fully unreadable
[0704/090519:ERROR:process_info.cc(608)] range at 0xfffa9000, size 0xf84 fully unreadable
[0704/090519:ERROR:process_info.cc(608)] range at 0xfffa6000, size 0xf84 fully unreadable
[0704/090519:ERROR:process_info.cc(608)] range at 0xfffa3000, size 0xf84 fully unreadable
[0704/090519:ERROR:process_info.cc(608)] range at 0xfffa0000, size 0xf84 fully unreadable
[0704/090519:ERROR:process_info.cc(608)] range at 0xfff9d000, size 0xf84 fully unreadable
[0704/090519:ERROR:process_info.cc(608)] range at 0xfff9a000, size 0xf84 fully unreadable
[0704/090519:ERROR:process_info.cc(608)] range at 0xfff97000, size 0xf84 fully unreadable
[0704/090519:ERROR:process_info.cc(608)] range at 0xfff94000, size 0xf84 fully unreadable
[0704/090519:ERROR:process_info.cc(608)] range at 0xfff91000, size 0xf84 fully unreadable
[0704/090519:ERROR:process_info.cc(608)] range at 0xfff8e000, size 0xf84 fully unreadable
[0704/090519:ERROR:process_info.cc(608)] range at 0xfff8b000, size 0xf84 fully unreadable
[0704/090519:ERROR:process_info.cc(608)] range at 0xfff88000, size 0xf84 fully unreadable
[0704/090519:ERROR:process_info.cc(608)] range at 0xfff85000, size 0xf84 fully unreadable
[0704/090519:ERROR:process_info.cc(608)] range at 0xfff82000, size 0xf84 fully unreadable
[0704/090519:ERROR:process_info.cc(608)] range at 0xfff7f000, size 0xf84 fully unreadable
[0704/090519:ERROR:process_info.cc(608)] range at 0xfff7c000, size 0xf84 fully unreadable
[0704/090519:ERROR:process_info.cc(608)] range at 0xfff79000, size 0xf84 fully unreadable
[0704/090519:ERROR:process_info.cc(608)] range at 0xfff76000, size 0xf84 fully unreadable
[0704/090519:ERROR:process_info.cc(608)] range at 0xfff73000, size 0xf84 fully unreadable
[0704/090519:ERROR:process_info.cc(608)] range at 0xfff70000, size 0xf84 fully unreadable
[0704/090519:ERROR:process_info.cc(608)] range at 0xfff6d000, size 0xf84 fully unreadable
[0704/090519:ERROR:process_info.cc(608)] range at 0xfff6a000, size 0xf84 fully unreadable
[0704/090519:ERROR:process_info.cc(608)] range at 0xfff67000, size 0xf84 fully unreadable
[0704/090519:ERROR:process_info.cc(608)] range at 0xfff64000, size 0xf84 fully unreadable
[0825/174333:ERROR:process_reader_win.cc(233)] ReadMemory at 0xf88e3d9 of 512 bytes failed: Only part of a ReadProcessMemory or WriteProcessMemory request was completed. (0x12B)
[0825/174333:ERROR:crash_report_exception_handler.cc(102)] WriteEverything failed
[0825/174333:ERROR:scoped_process_suspend.cc(38)] NtResumeProcess, ntstatus=-1073741558
[1128/134736.018:ERROR:process_info.cc(632)] range at 0x4932327c00000000, size 0x211 fully unreadable
[1128/134736.018:ERROR:process_info.cc(632)] range at 0x7595327c00000000, size 0x1fd fully unreadable
[1128/134736.027:ERROR:process_info.cc(632)] range at 0x759532e400000000, size 0x1fd fully unreadable
[1128/134736.027:ERROR:process_info.cc(632)] range at 0x493232e400000000, size 0x211 fully unreadable
[1128/134736.027:ERROR:process_info.cc(632)] range at 0x0, size 0x1fd fully unreadable
[1128/134736.027:ERROR:process_info.cc(632)] range at 0x0, size 0x211 fully unreadable
[1128/134736.240:ERROR:process_info.cc(380)] UncheckedAllocate
[1128/134736.348:ERROR:process_info.cc(380)] UncheckedAllocate
